97--INFO--2024-05-11 20:27:40,032--[31m[1mWARNING: This is a development server. Do not use it in a production deployment. Use a production WSGI server instead.[0m
 * Running on http://127.0.0.1:5000
97--INFO--2024-05-11 20:27:40,032--[33mPress CTRL+C to quit[0m
97--INFO--2024-05-11 20:27:47,976--127.0.0.1 - - [11/May/2024 20:27:47] "GET / HTTP/1.1" 200 -
97--INFO--2024-05-11 20:27:48,017--127.0.0.1 - - [11/May/2024 20:27:48] "[33mGET /favicon.ico HTTP/1.1[0m" 404 -
44--INFO--2024-05-11 20:28:10,116--Dataframe Gathered
838--ERROR--2024-05-11 20:28:11,082--Exception on /predict [POST]
Traceback (most recent call last):
  File "C:\Users\deyar\OneDrive\Desktop\MarketingCampaignClustring\cluster\Lib\site-packages\flask\app.py", line 1473, in wsgi_app
    response = self.full_dispatch_request()
               ^^^^^^^^^^^^^^^^^^^^^^^^^^^^
  File "C:\Users\deyar\OneDrive\Desktop\MarketingCampaignClustring\cluster\Lib\site-packages\flask\app.py", line 883, in full_dispatch_request
    return self.finalize_request(rv)
           ^^^^^^^^^^^^^^^^^^^^^^^^^
  File "C:\Users\deyar\OneDrive\Desktop\MarketingCampaignClustring\cluster\Lib\site-packages\flask\app.py", line 902, in finalize_request
    response = self.make_response(rv)
               ^^^^^^^^^^^^^^^^^^^^^^
  File "C:\Users\deyar\OneDrive\Desktop\MarketingCampaignClustring\cluster\Lib\site-packages\flask\app.py", line 1174, in make_response
    raise TypeError(
TypeError: The view function for 'pred_page' did not return a valid response. The function either returned None or ended without a return statement.
97--INFO--2024-05-11 20:28:11,083--127.0.0.1 - - [11/May/2024 20:28:11] "[35m[1mPOST /predict HTTP/1.1[0m" 500 -
