97--INFO--2024-05-11 19:38:38,639--[31m[1mWARNING: This is a development server. Do not use it in a production deployment. Use a production WSGI server instead.[0m
 * Running on http://127.0.0.1:5000
97--INFO--2024-05-11 19:38:38,639--[33mPress CTRL+C to quit[0m
97--INFO--2024-05-11 19:38:45,918--127.0.0.1 - - [11/May/2024 19:38:45] "GET / HTTP/1.1" 200 -
97--INFO--2024-05-11 19:38:45,966--127.0.0.1 - - [11/May/2024 19:38:45] "[33mGET /favicon.ico HTTP/1.1[0m" 404 -
838--ERROR--2024-05-11 19:38:50,071--Exception on /predict [POST]
Traceback (most recent call last):
  File "C:\Users\deyar\OneDrive\Desktop\MarketingCampaignClustring\cluster\Lib\site-packages\flask\app.py", line 1473, in wsgi_app
    response = self.full_dispatch_request()
               ^^^^^^^^^^^^^^^^^^^^^^^^^^^^
  File "C:\Users\deyar\OneDrive\Desktop\MarketingCampaignClustring\cluster\Lib\site-packages\flask\app.py", line 882, in full_dispatch_request
    rv = self.handle_user_exception(e)
         ^^^^^^^^^^^^^^^^^^^^^^^^^^^^^
  File "C:\Users\deyar\OneDrive\Desktop\MarketingCampaignClustring\cluster\Lib\site-packages\flask\app.py", line 880, in full_dispatch_request
    rv = self.dispatch_request()
         ^^^^^^^^^^^^^^^^^^^^^^^
  File "C:\Users\deyar\OneDrive\Desktop\MarketingCampaignClustring\cluster\Lib\site-packages\flask\app.py", line 865, in dispatch_request
    return self.ensure_sync(self.view_functions[rule.endpoint])(**view_args)  # type: ignore[no-any-return]
           ^^^^^^^^^^^^^^^^^^^^^^^^^^^^^^^^^^^^^^^^^^^^^^^^^^^^^^^^^^^^^^^^^
  File "c:\Users\deyar\OneDrive\Desktop\MarketingCampaignClustring\app.py", line 11, in pred_page
    total_quantity=float(request.form.get('total_quantity')),
                   ^^^^^^^^^^^^^^^^^^^^^^^^^^^^^^^^^^^^^^^^^
ValueError: could not convert string to float: ''
97--INFO--2024-05-11 19:38:50,073--127.0.0.1 - - [11/May/2024 19:38:50] "[35m[1mPOST /predict HTTP/1.1[0m" 500 -
